ERROR [com.zaxxer.hikari.pool.HikariPool] at com.mysql.cj.jdbc.exceptions.SQLError.createSQLException(SQLError.java:120): Access denied for user 'acme-user'@'%' to database 'acme-incubator'
WARN [org.springframework.boot.autoconfigure.orm.jpa.DatabaseLookup] at org.springframework.jdbc.support.JdbcUtils.extractDatabaseMetaData(JdbcUtils.java:328): Could not get Connection for extracting meta-data; nested exception is org.springframework.jdbc.CannotGetJdbcConnectionException: Failed to obtain JDBC Connection; nested exception is java.sql.SQLSyntaxErrorException: Access denied for user 'acme-user'@'%' to database 'acme-incubator'
at org.springframework.jdbc.datasource.DataSourceUtils.getConnection(DataSourceUtils.java:81): Failed to obtain JDBC Connection; nested exception is java.sql.SQLSyntaxErrorException: Access denied for user 'acme-user'@'%' to database 'acme-incubator'
at com.mysql.cj.jdbc.exceptions.SQLError.createSQLException(SQLError.java:120): Access denied for user 'acme-user'@'%' to database 'acme-incubator'
ERROR [com.zaxxer.hikari.pool.HikariPool] at com.mysql.cj.jdbc.exceptions.SQLError.createSQLException(SQLError.java:120): Access denied for user 'acme-user'@'%' to database 'acme-incubator'
WARN [org.hibernate.engine.jdbc.env.internal.JdbcEnvironmentInitiator] HHH000342: Could not obtain connection to query metadata : Access denied for user 'acme-user'@'%' to database 'acme-incubator'
WARN [org.springframework.boot.web.servlet.context.AnnotationConfigServletWebServerApplicationContext] Exception encountered during context initialization - cancelling refresh attempt: org.springframework.beans.factory.BeanCreationException: Error creating bean with name 'entityManagerFactory' defined in class path resource [org/springframework/boot/autoconfigure/orm/jpa/HibernateJpaConfiguration.class]: Invocation of init method failed; nested exception is org.hibernate.service.spi.ServiceException: Unable to create requested service [org.hibernate.engine.jdbc.env.spi.JdbcEnvironment]
ERROR [org.springframework.boot.SpringApplication] at org.springframework.beans.factory.support.AbstractAutowireCapableBeanFactory.initializeBean(AbstractAutowireCapableBeanFactory.java:1778): Error creating bean with name 'entityManagerFactory' defined in class path resource [org/springframework/boot/autoconfigure/orm/jpa/HibernateJpaConfiguration.class]: Invocation of init method failed; nested exception is org.hibernate.service.spi.ServiceException: Unable to create requested service [org.hibernate.engine.jdbc.env.spi.JdbcEnvironment]
at org.hibernate.service.internal.AbstractServiceRegistryImpl.createService(AbstractServiceRegistryImpl.java:275): Unable to create requested service [org.hibernate.engine.jdbc.env.spi.JdbcEnvironment]
at org.hibernate.engine.jdbc.dialect.internal.DialectFactoryImpl.determineDialect(DialectFactoryImpl.java:100): Access to DialectResolutionInfo cannot be null when 'hibernate.dialect' not set
ERROR [org.apache.catalina.core.ContainerBase.[Tomcat].[localhost].[/acme-incubator].[jsp]] at org.apache.jasper.compiler.DefaultErrorHandler.jspError(DefaultErrorHandler.java:42): /META-INF/views/anonymous/notice/list.jsp (line: [6], column: [26]) Unterminated [&lt;acme:list] tag
ERROR [org.apache.catalina.core.ContainerBase.[Tomcat].[localhost].[/acme-incubator].[jsp]] at org.apache.tiles.request.servlet.ServletUtil.wrapServletException(ServletUtil.java:63): JSPException including path '../anonymous/notice/list.jsp'.
at org.apache.jasper.compiler.DefaultErrorHandler.jspError(DefaultErrorHandler.java:42): /META-INF/views/anonymous/notice/list.jsp (line: [6], column: [26]) Unterminated [&lt;acme:list] tag
ERROR [org.apache.catalina.core.ContainerBase.[Tomcat].[localhost].[/acme-incubator].[dispatcherServlet]] at org.apache.jasper.compiler.DefaultErrorHandler.jspError(DefaultErrorHandler.java:42): /META-INF/views/anonymous/notice/list.jsp (line: [6], column: [26]) Unterminated [&lt;acme:list] tag
ERROR [org.apache.jsp.META_002dINF.views.framework.panic_jsp] HTTP GET /acme-incubator/META-INF/views/framework/page.jsp HTTP/1.1
ERROR [org.apache.jsp.META_002dINF.views.framework.panic_jsp] Status: 500
ERROR [org.apache.jsp.META_002dINF.views.framework.panic_jsp] Exception: acme.framework.helpers.Assert.state(Assert.java:40): End-point not available
ERROR [org.apache.jsp.META_002dINF.views.framework.panic_jsp] HTTP GET /acme-incubator/META-INF/views/framework/page.jsp HTTP/1.1
ERROR [org.apache.jsp.META_002dINF.views.framework.panic_jsp] Status: 500
ERROR [org.apache.jsp.META_002dINF.views.framework.panic_jsp] Exception: java.lang.NullPointerException
ERROR [org.apache.jsp.META_002dINF.views.framework.panic_jsp] HTTP GET /acme-incubator/META-INF/views/framework/page.jsp HTTP/1.1
ERROR [org.apache.jsp.META_002dINF.views.framework.panic_jsp] Status: 500
ERROR [org.apache.jsp.META_002dINF.views.framework.panic_jsp] Exception: acme.framework.helpers.Assert.state(Assert.java:40): End-point not available
ERROR [org.apache.jsp.META_002dINF.views.framework.panic_jsp] HTTP GET /acme-incubator/META-INF/views/framework/page.jsp HTTP/1.1
ERROR [org.apache.jsp.META_002dINF.views.framework.panic_jsp] Status: 500
ERROR [org.apache.jsp.META_002dINF.views.framework.panic_jsp] Exception: java.lang.NullPointerException
ERROR [org.apache.jsp.META_002dINF.views.framework.panic_jsp] HTTP GET /acme-incubator/META-INF/views/framework/page.jsp HTTP/1.1
ERROR [org.apache.jsp.META_002dINF.views.framework.panic_jsp] Status: 500
ERROR [org.apache.jsp.META_002dINF.views.framework.panic_jsp] Exception: java.lang.NullPointerException
ERROR [org.apache.catalina.core.ContainerBase.[Tomcat].[localhost].[/acme-incubator].[jsp]] at org.apache.jasper.servlet.JspServlet.handleMissingResource(JspServlet.java:407): File [&#47;META-INF&#47;views&#47;anonymous&#47;tool-record&#47;list.jsp] not found
ERROR [org.apache.catalina.core.ContainerBase.[Tomcat].[localhost].[/acme-incubator].[jsp]] at org.apache.tiles.request.servlet.ServletUtil.wrapServletException(ServletUtil.java:63): JSPException including path '../anonymous/tool-record/list.jsp'.
at org.apache.jasper.servlet.JspServlet.handleMissingResource(JspServlet.java:407): File [&#47;META-INF&#47;views&#47;anonymous&#47;tool-record&#47;list.jsp] not found
ERROR [org.apache.catalina.core.ContainerBase.[Tomcat].[localhost].[/acme-incubator].[dispatcherServlet]] at org.apache.jasper.servlet.JspServlet.handleMissingResource(JspServlet.java:407): File [&#47;META-INF&#47;views&#47;anonymous&#47;tool-record&#47;list.jsp] not found
ERROR [org.apache.catalina.core.ContainerBase.[Tomcat].[localhost].[/acme-incubator].[jsp]] at org.apache.jasper.servlet.JspServlet.handleMissingResource(JspServlet.java:407): File [&#47;META-INF&#47;views&#47;anonymous&#47;tool-record&#47;list.jsp] not found
ERROR [org.apache.catalina.core.ContainerBase.[Tomcat].[localhost].[/acme-incubator].[jsp]] at org.apache.tiles.request.servlet.ServletUtil.wrapServletException(ServletUtil.java:63): JSPException including path '../anonymous/tool-record/list.jsp'.
at org.apache.jasper.servlet.JspServlet.handleMissingResource(JspServlet.java:407): File [&#47;META-INF&#47;views&#47;anonymous&#47;tool-record&#47;list.jsp] not found
ERROR [org.apache.catalina.core.ContainerBase.[Tomcat].[localhost].[/acme-incubator].[dispatcherServlet]] at org.apache.jasper.servlet.JspServlet.handleMissingResource(JspServlet.java:407): File [&#47;META-INF&#47;views&#47;anonymous&#47;tool-record&#47;list.jsp] not found
ERROR [org.apache.jsp.META_002dINF.views.framework.panic_jsp] HTTP GET /acme-incubator/META-INF/views/framework/page.jsp HTTP/1.1
ERROR [org.apache.jsp.META_002dINF.views.framework.panic_jsp] Status: 500
ERROR [org.apache.jsp.META_002dINF.views.framework.panic_jsp] Exception: org.springframework.beans.AbstractNestablePropertyAccessor.getPropertyValue(AbstractNestablePropertyAccessor.java:622): Invalid property 'investor' of bean class [acme.entities.toolRecords.ToolRecord]: Bean property 'investor' is not readable or has an invalid getter method: Does the return type of the getter match the parameter type of the setter?
WARN [org.springframework.boot.web.servlet.context.AnnotationConfigServletWebServerApplicationContext] Exception encountered during context initialization - cancelling refresh attempt: org.springframework.beans.factory.BeanCreationException: Error creating bean with name 'requestMappingHandlerMapping' defined in class path resource [org/springframework/boot/autoconfigure/web/servlet/WebMvcAutoConfiguration$EnableWebMvcConfiguration.class]: Invocation of init method failed; nested exception is java.lang.IllegalStateException: Ambiguous mapping. Cannot map 'authenticatedTechnologyRecordController' method 
public org.springframework.web.servlet.ModelAndView acme.framework.controllers.AbstractController.handleRequest(java.lang.String,java.util.Map<java.lang.String, java.lang.Object>,javax.servlet.http.HttpServletRequest,javax.servlet.http.HttpServletResponse,java.util.Locale)
to {[GET, POST] /anonymous/technology-record/{endpoint}}: There is already 'anonymousTechnologyRecordController' bean method
public org.springframework.web.servlet.ModelAndView acme.framework.controllers.AbstractController.handleRequest(java.lang.String,java.util.Map<java.lang.String, java.lang.Object>,javax.servlet.http.HttpServletRequest,javax.servlet.http.HttpServletResponse,java.util.Locale) mapped.
ERROR [org.springframework.boot.SpringApplication] at org.springframework.beans.factory.support.AbstractAutowireCapableBeanFactory.initializeBean(AbstractAutowireCapableBeanFactory.java:1778): Error creating bean with name 'requestMappingHandlerMapping' defined in class path resource [org/springframework/boot/autoconfigure/web/servlet/WebMvcAutoConfiguration$EnableWebMvcConfiguration.class]: Invocation of init method failed; nested exception is java.lang.IllegalStateException: Ambiguous mapping. Cannot map 'authenticatedTechnologyRecordController' method 
public org.springframework.web.servlet.ModelAndView acme.framework.controllers.AbstractController.handleRequest(java.lang.String,java.util.Map<java.lang.String, java.lang.Object>,javax.servlet.http.HttpServletRequest,javax.servlet.http.HttpServletResponse,java.util.Locale)
to {[GET, POST] /anonymous/technology-record/{endpoint}}: There is already 'anonymousTechnologyRecordController' bean method
public org.springframework.web.servlet.ModelAndView acme.framework.controllers.AbstractController.handleRequest(java.lang.String,java.util.Map<java.lang.String, java.lang.Object>,javax.servlet.http.HttpServletRequest,javax.servlet.http.HttpServletResponse,java.util.Locale) mapped.
at org.springframework.web.servlet.handler.AbstractHandlerMethodMapping$MappingRegistry.assertUniqueMethodMapping(AbstractHandlerMethodMapping.java:618): Ambiguous mapping. Cannot map 'authenticatedTechnologyRecordController' method 
public org.springframework.web.servlet.ModelAndView acme.framework.controllers.AbstractController.handleRequest(java.lang.String,java.util.Map<java.lang.String, java.lang.Object>,javax.servlet.http.HttpServletRequest,javax.servlet.http.HttpServletResponse,java.util.Locale)
to {[GET, POST] /anonymous/technology-record/{endpoint}}: There is already 'anonymousTechnologyRecordController' bean method
public org.springframework.web.servlet.ModelAndView acme.framework.controllers.AbstractController.handleRequest(java.lang.String,java.util.Map<java.lang.String, java.lang.Object>,javax.servlet.http.HttpServletRequest,javax.servlet.http.HttpServletResponse,java.util.Locale) mapped.
ERROR [org.apache.jsp.META_002dINF.views.framework.panic_jsp] HTTP GET /acme-incubator/META-INF/views/framework/page.jsp HTTP/1.1
ERROR [org.apache.jsp.META_002dINF.views.framework.panic_jsp] Status: 500
ERROR [org.apache.jsp.META_002dINF.views.framework.panic_jsp] Exception: acme.framework.helpers.Assert.state(Assert.java:40): Acceso no autorizado
ERROR [org.apache.jsp.META_002dINF.views.framework.panic_jsp] HTTP GET /acme-incubator/META-INF/views/framework/page.jsp HTTP/1.1
ERROR [org.apache.jsp.META_002dINF.views.framework.panic_jsp] Status: 500
ERROR [org.apache.jsp.META_002dINF.views.framework.panic_jsp] Exception: org.springframework.core.convert.support.ConversionUtils.invokeConverter(ConversionUtils.java:47): Failed to convert from type [java.util.ArrayList<?>] to type [@org.springframework.data.jpa.repository.Query java.util.Collection<acme.entities.inquiries.Inquiry>] for value '[acme.entities.notices.Notice{id=6, version=0}, acme.entities.notices.Notice{id=8, version=0}]'; nested exception is org.springframework.core.convert.ConverterNotFoundException: No converter found capable of converting from type [acme.entities.notices.Notice] to type [@org.springframework.data.jpa.repository.Query acme.entities.inquiries.Inquiry]
org.springframework.core.convert.support.GenericConversionService.handleConverterNotFound(GenericConversionService.java:321): No converter found capable of converting from type [acme.entities.notices.Notice] to type [@org.springframework.data.jpa.repository.Query acme.entities.inquiries.Inquiry]
WARN [org.springframework.boot.web.servlet.context.AnnotationConfigServletWebServerApplicationContext] Exception encountered during context initialization - cancelling refresh attempt: org.springframework.beans.factory.BeanDefinitionStoreException: Failed to parse configuration class [acme.Launcher]; nested exception is org.springframework.context.annotation.ConflictingBeanDefinitionException: Annotation-specified bean name 'authenticatedNoticeController' for bean class [acme.features.authenticated.notice.AuthenticatedNoticeController] conflicts with existing, non-compatible bean definition of same name and class [acme.features.authenticated.challenge.AuthenticatedNoticeController]
ERROR [org.springframework.boot.SpringApplication] at org.springframework.context.annotation.ConfigurationClassParser.parse(ConfigurationClassParser.java:181): Failed to parse configuration class [acme.Launcher]; nested exception is org.springframework.context.annotation.ConflictingBeanDefinitionException: Annotation-specified bean name 'authenticatedNoticeController' for bean class [acme.features.authenticated.notice.AuthenticatedNoticeController] conflicts with existing, non-compatible bean definition of same name and class [acme.features.authenticated.challenge.AuthenticatedNoticeController]
at org.springframework.context.annotation.ClassPathBeanDefinitionScanner.checkCandidate(ClassPathBeanDefinitionScanner.java:348): Annotation-specified bean name 'authenticatedNoticeController' for bean class [acme.features.authenticated.notice.AuthenticatedNoticeController] conflicts with existing, non-compatible bean definition of same name and class [acme.features.authenticated.challenge.AuthenticatedNoticeController]
ERROR [org.apache.jsp.META_002dINF.views.framework.panic_jsp] HTTP GET /acme-incubator/META-INF/views/framework/page.jsp HTTP/1.1
ERROR [org.apache.jsp.META_002dINF.views.framework.panic_jsp] Status: 500
ERROR [org.apache.jsp.META_002dINF.views.framework.panic_jsp] Exception: acme.framework.helpers.Assert.state(Assert.java:40): Acceso no autorizado
ERROR [org.apache.catalina.core.ContainerBase.[Tomcat].[localhost].[/acme-incubator].[jsp]] at org.apache.jasper.compiler.DefaultErrorHandler.jspError(DefaultErrorHandler.java:42): /META-INF/views/administrator/notice/form.jsp (line: [23], column: [86]) quote symbol expected
ERROR [org.apache.catalina.core.ContainerBase.[Tomcat].[localhost].[/acme-incubator].[jsp]] at org.apache.tiles.request.servlet.ServletUtil.wrapServletException(ServletUtil.java:63): JSPException including path '../administrator/notice/form.jsp'.
at org.apache.jasper.compiler.DefaultErrorHandler.jspError(DefaultErrorHandler.java:42): /META-INF/views/administrator/notice/form.jsp (line: [23], column: [86]) quote symbol expected
ERROR [org.apache.catalina.core.ContainerBase.[Tomcat].[localhost].[/acme-incubator].[dispatcherServlet]] at org.apache.jasper.compiler.DefaultErrorHandler.jspError(DefaultErrorHandler.java:42): /META-INF/views/administrator/notice/form.jsp (line: [23], column: [86]) quote symbol expected
ERROR [org.apache.catalina.core.ContainerBase.[Tomcat].[localhost].[/acme-incubator].[jsp]] at org.apache.jasper.compiler.DefaultErrorHandler.jspError(DefaultErrorHandler.java:42): /META-INF/views/administrator/notice/form.jsp (line: [23], column: [86]) quote symbol expected
ERROR [org.apache.catalina.core.ContainerBase.[Tomcat].[localhost].[/acme-incubator].[jsp]] at org.apache.tiles.request.servlet.ServletUtil.wrapServletException(ServletUtil.java:63): JSPException including path '../administrator/notice/form.jsp'.
at org.apache.jasper.compiler.DefaultErrorHandler.jspError(DefaultErrorHandler.java:42): /META-INF/views/administrator/notice/form.jsp (line: [23], column: [86]) quote symbol expected
ERROR [org.apache.catalina.core.ContainerBase.[Tomcat].[localhost].[/acme-incubator].[dispatcherServlet]] at org.apache.jasper.compiler.DefaultErrorHandler.jspError(DefaultErrorHandler.java:42): /META-INF/views/administrator/notice/form.jsp (line: [23], column: [86]) quote symbol expected
ERROR [org.apache.catalina.core.ContainerBase.[Tomcat].[localhost].[/acme-incubator].[jsp]] at org.apache.jasper.compiler.DefaultErrorHandler.jspError(DefaultErrorHandler.java:42): /META-INF/views/administrator/notice/form.jsp (line: [23], column: [86]) quote symbol expected
ERROR [org.apache.catalina.core.ContainerBase.[Tomcat].[localhost].[/acme-incubator].[jsp]] at org.apache.tiles.request.servlet.ServletUtil.wrapServletException(ServletUtil.java:63): JSPException including path '../administrator/notice/form.jsp'.
at org.apache.jasper.compiler.DefaultErrorHandler.jspError(DefaultErrorHandler.java:42): /META-INF/views/administrator/notice/form.jsp (line: [23], column: [86]) quote symbol expected
ERROR [org.apache.catalina.core.ContainerBase.[Tomcat].[localhost].[/acme-incubator].[dispatcherServlet]] at org.apache.jasper.compiler.DefaultErrorHandler.jspError(DefaultErrorHandler.java:42): /META-INF/views/administrator/notice/form.jsp (line: [23], column: [86]) quote symbol expected
ERROR [org.apache.jsp.META_002dINF.views.framework.panic_jsp] HTTP GET /acme-incubator/META-INF/views/framework/page.jsp HTTP/1.1
ERROR [org.apache.jsp.META_002dINF.views.framework.panic_jsp] Status: 500
ERROR [org.apache.jsp.META_002dINF.views.framework.panic_jsp] Exception: org.springframework.beans.AbstractNestablePropertyAccessor.getPropertyValue(AbstractNestablePropertyAccessor.java:622): Invalid property 'confirmation' of bean class [acme.entities.notices.Notice]: Bean property 'confirmation' is not readable or has an invalid getter method: Does the return type of the getter match the parameter type of the setter?
ERROR [org.apache.jsp.META_002dINF.views.framework.panic_jsp] HTTP GET /acme-incubator/META-INF/views/framework/page.jsp HTTP/1.1
ERROR [org.apache.jsp.META_002dINF.views.framework.panic_jsp] Status: 500
ERROR [org.apache.jsp.META_002dINF.views.framework.panic_jsp] Exception: java.lang.NullPointerException
ERROR [org.apache.jsp.META_002dINF.views.framework.panic_jsp] HTTP POST /acme-incubator/META-INF/views/framework/page.jsp HTTP/1.1
ERROR [org.apache.jsp.META_002dINF.views.framework.panic_jsp] Status: 500
ERROR [org.apache.jsp.META_002dINF.views.framework.panic_jsp] Exception: org.springframework.orm.jpa.JpaTransactionManager.doBegin(JpaTransactionManager.java:380): Pre-bound JDBC Connection found! JpaTransactionManager does not support running within DataSourceTransactionManager if told to manage the DataSource itself. It is recommended to use a single JpaTransactionManager for all transactions on a single DataSource, no matter whether JPA or JDBC access.
ERROR [org.apache.jsp.META_002dINF.views.framework.panic_jsp] HTTP POST /acme-incubator/META-INF/views/framework/page.jsp HTTP/1.1
ERROR [org.apache.jsp.META_002dINF.views.framework.panic_jsp] Status: 500
ERROR [org.apache.jsp.META_002dINF.views.framework.panic_jsp] Exception: java.lang.NullPointerException
ERROR [org.apache.jsp.META_002dINF.views.framework.panic_jsp] HTTP POST /acme-incubator/META-INF/views/framework/page.jsp HTTP/1.1
ERROR [org.apache.jsp.META_002dINF.views.framework.panic_jsp] Status: 500
ERROR [org.apache.jsp.META_002dINF.views.framework.panic_jsp] Exception: java.lang.NullPointerException
ERROR [org.apache.jsp.META_002dINF.views.framework.panic_jsp] HTTP POST /acme-incubator/META-INF/views/framework/page.jsp HTTP/1.1
ERROR [org.apache.jsp.META_002dINF.views.framework.panic_jsp] Status: 500
ERROR [org.apache.jsp.META_002dINF.views.framework.panic_jsp] Exception: acme.framework.helpers.Assert.state(Assert.java:40): End-point no disponible
ERROR [org.apache.jsp.META_002dINF.views.framework.panic_jsp] HTTP POST /acme-incubator/META-INF/views/framework/page.jsp HTTP/1.1
ERROR [org.apache.jsp.META_002dINF.views.framework.panic_jsp] Status: 500
ERROR [org.apache.jsp.META_002dINF.views.framework.panic_jsp] Exception: acme.framework.helpers.Assert.state(Assert.java:40): End-point no disponible
ERROR [org.apache.jsp.META_002dINF.views.framework.panic_jsp] HTTP GET /acme-incubator/META-INF/views/framework/page.jsp HTTP/1.1
ERROR [org.apache.jsp.META_002dINF.views.framework.panic_jsp] Status: 500
ERROR [org.apache.jsp.META_002dINF.views.framework.panic_jsp] Exception: org.springframework.beans.AbstractNestablePropertyAccessor.getPropertyValue(AbstractNestablePropertyAccessor.java:622): Invalid property 'rookieGoal' of bean class [acme.entities.inquiries.Inquiry]: Bean property 'rookieGoal' is not readable or has an invalid getter method: Does the return type of the getter match the parameter type of the setter?
ERROR [org.apache.jsp.META_002dINF.views.framework.panic_jsp] HTTP GET /acme-incubator/META-INF/views/framework/page.jsp HTTP/1.1
ERROR [org.apache.jsp.META_002dINF.views.framework.panic_jsp] Status: 500
ERROR [org.apache.jsp.META_002dINF.views.framework.panic_jsp] Exception: acme.framework.helpers.Assert.state(Assert.java:40): End-point no disponible
WARN [org.springframework.boot.web.servlet.context.AnnotationConfigServletWebServerApplicationContext] Exception encountered during context initialization - cancelling refresh attempt: org.springframework.beans.factory.BeanCreationException: Error creating bean with name 'entityManagerFactory' defined in class path resource [org/springframework/boot/autoconfigure/orm/jpa/HibernateJpaConfiguration.class]: Invocation of init method failed; nested exception is javax.persistence.PersistenceException: [PersistenceUnit: default] Unable to build Hibernate SessionFactory; nested exception is org.hibernate.tool.schema.spi.SchemaManagementException: Schema-validation: missing table [entrepreneur]
ERROR [org.springframework.boot.SpringApplication] at org.springframework.beans.factory.support.AbstractAutowireCapableBeanFactory.initializeBean(AbstractAutowireCapableBeanFactory.java:1778): Error creating bean with name 'entityManagerFactory' defined in class path resource [org/springframework/boot/autoconfigure/orm/jpa/HibernateJpaConfiguration.class]: Invocation of init method failed; nested exception is javax.persistence.PersistenceException: [PersistenceUnit: default] Unable to build Hibernate SessionFactory; nested exception is org.hibernate.tool.schema.spi.SchemaManagementException: Schema-validation: missing table [entrepreneur]
at org.springframework.orm.jpa.AbstractEntityManagerFactoryBean.buildNativeEntityManagerFactory(AbstractEntityManagerFactoryBean.java:402): [PersistenceUnit: default] Unable to build Hibernate SessionFactory; nested exception is org.hibernate.tool.schema.spi.SchemaManagementException: Schema-validation: missing table [entrepreneur]
at org.hibernate.tool.schema.internal.AbstractSchemaValidator.validateTable(AbstractSchemaValidator.java:121): Schema-validation: missing table [entrepreneur]
ERROR [org.apache.jsp.META_002dINF.views.framework.panic_jsp] HTTP GET /acme-incubator/META-INF/views/framework/page.jsp HTTP/1.1
ERROR [org.apache.jsp.META_002dINF.views.framework.panic_jsp] Status: 500
ERROR [org.apache.jsp.META_002dINF.views.framework.panic_jsp] Exception: acme.framework.helpers.Assert.state(Assert.java:40): End-point no disponible
ERROR [org.apache.jsp.META_002dINF.views.framework.panic_jsp] HTTP GET /acme-incubator/META-INF/views/framework/page.jsp HTTP/1.1
ERROR [org.apache.jsp.META_002dINF.views.framework.panic_jsp] Status: 500
ERROR [org.apache.jsp.META_002dINF.views.framework.panic_jsp] Exception: org.springframework.beans.AbstractNestablePropertyAccessor.getPropertyValue(AbstractNestablePropertyAccessor.java:622): Invalid property 'name' of bean class [acme.entities.roles.Investor]: Bean property 'name' is not readable or has an invalid getter method: Does the return type of the getter match the parameter type of the setter?
ERROR [org.apache.jsp.META_002dINF.views.framework.panic_jsp] HTTP GET /acme-incubator/META-INF/views/framework/page.jsp HTTP/1.1
ERROR [org.apache.jsp.META_002dINF.views.framework.panic_jsp] Status: 500
ERROR [org.apache.jsp.META_002dINF.views.framework.panic_jsp] Exception: org.springframework.beans.AbstractNestablePropertyAccessor.getPropertyValue(AbstractNestablePropertyAccessor.java:622): Invalid property 'qualificationRecord' of bean class [acme.entities.roles.Investor]: Bean property 'qualificationRecord' is not readable or has an invalid getter method: Does the return type of the getter match the parameter type of the setter?
ERROR [org.apache.catalina.util.LifecycleBase] at org.apache.catalina.connector.Connector.startInternal(Connector.java:1008): Protocol handler start failed
at sun.nio.ch.Net.bind0(Native Method): Address already in use: bind
ERROR [org.springframework.boot.diagnostics.LoggingFailureAnalysisReporter] ***************************
APPLICATION FAILED TO START
***************************
Description:
The Tomcat connector configured to listen on port 8080 failed to start. The port may already be in use or the connector may be misconfigured.
Action:
Verify the connector's configuration, identify and stop any process that's listening on port 8080, or configure this application to listen on another port.
ERROR [org.apache.catalina.core.ContainerBase.[Tomcat].[localhost].[/acme-incubator].[jsp]] at org.apache.jasper.servlet.JspServlet.handleMissingResource(JspServlet.java:407): File [&#47;META-INF&#47;views&#47;authenticated&#47;investment-round&#47;list.jsp] not found
ERROR [org.apache.catalina.core.ContainerBase.[Tomcat].[localhost].[/acme-incubator].[jsp]] at org.apache.tiles.request.servlet.ServletUtil.wrapServletException(ServletUtil.java:63): JSPException including path '../authenticated/investment-round/list.jsp'.
at org.apache.jasper.servlet.JspServlet.handleMissingResource(JspServlet.java:407): File [&#47;META-INF&#47;views&#47;authenticated&#47;investment-round&#47;list.jsp] not found
ERROR [org.apache.catalina.core.ContainerBase.[Tomcat].[localhost].[/acme-incubator].[dispatcherServlet]] at org.apache.jasper.servlet.JspServlet.handleMissingResource(JspServlet.java:407): File [&#47;META-INF&#47;views&#47;authenticated&#47;investment-round&#47;list.jsp] not found
ERROR [org.apache.catalina.util.LifecycleBase] at org.apache.catalina.connector.Connector.startInternal(Connector.java:1008): Protocol handler start failed
at sun.nio.ch.Net.bind0(Native Method): Address already in use: bind
ERROR [org.springframework.boot.diagnostics.LoggingFailureAnalysisReporter] ***************************
APPLICATION FAILED TO START
***************************
Description:
The Tomcat connector configured to listen on port 8080 failed to start. The port may already be in use or the connector may be misconfigured.
Action:
Verify the connector's configuration, identify and stop any process that's listening on port 8080, or configure this application to listen on another port.
ERROR [org.apache.jsp.META_002dINF.views.framework.panic_jsp] HTTP POST /acme-incubator/META-INF/views/framework/page.jsp HTTP/1.1
ERROR [org.apache.jsp.META_002dINF.views.framework.panic_jsp] Status: 500
ERROR [org.apache.jsp.META_002dINF.views.framework.panic_jsp] Exception: acme.framework.helpers.Assert.state(Assert.java:40): End-point no disponible
WARN [com.zaxxer.hikari.pool.HikariPool] {} - Thread starvation or clock leap detected (housekeeper delta={}).
WARN [org.springframework.boot.web.servlet.context.AnnotationConfigServletWebServerApplicationContext] Exception encountered during context initialization - cancelling refresh attempt: org.springframework.beans.factory.UnsatisfiedDependencyException: Error creating bean with name 'entrepreneurApplicationController': Unsatisfied dependency expressed through field 'listByMyIRService'; nested exception is org.springframework.beans.factory.UnsatisfiedDependencyException: Error creating bean with name 'entrepreneurApplicationListByMyIRService': Unsatisfied dependency expressed through field 'repository'; nested exception is org.springframework.beans.factory.BeanCreationException: Error creating bean with name 'entrepreneurApplicationRepository': Invocation of init method failed; nested exception is java.lang.IllegalArgumentException: Validation failed for query for method public abstract java.util.Collection acme.features.entrepreneur.application.EntrepreneurApplicationRepository.findByEntrepreneurId(java.lang.Integer)!
ERROR [org.springframework.boot.SpringApplication] at org.springframework.beans.factory.annotation.AutowiredAnnotationBeanPostProcessor$AutowiredFieldElement.inject(AutowiredAnnotationBeanPostProcessor.java:596): Error creating bean with name 'entrepreneurApplicationController': Unsatisfied dependency expressed through field 'listByMyIRService'; nested exception is org.springframework.beans.factory.UnsatisfiedDependencyException: Error creating bean with name 'entrepreneurApplicationListByMyIRService': Unsatisfied dependency expressed through field 'repository'; nested exception is org.springframework.beans.factory.BeanCreationException: Error creating bean with name 'entrepreneurApplicationRepository': Invocation of init method failed; nested exception is java.lang.IllegalArgumentException: Validation failed for query for method public abstract java.util.Collection acme.features.entrepreneur.application.EntrepreneurApplicationRepository.findByEntrepreneurId(java.lang.Integer)!
at org.springframework.beans.factory.annotation.AutowiredAnnotationBeanPostProcessor$AutowiredFieldElement.inject(AutowiredAnnotationBeanPostProcessor.java:596): Error creating bean with name 'entrepreneurApplicationListByMyIRService': Unsatisfied dependency expressed through field 'repository'; nested exception is org.springframework.beans.factory.BeanCreationException: Error creating bean with name 'entrepreneurApplicationRepository': Invocation of init method failed; nested exception is java.lang.IllegalArgumentException: Validation failed for query for method public abstract java.util.Collection acme.features.entrepreneur.application.EntrepreneurApplicationRepository.findByEntrepreneurId(java.lang.Integer)!
at org.springframework.beans.factory.support.AbstractAutowireCapableBeanFactory.initializeBean(AbstractAutowireCapableBeanFactory.java:1778): Error creating bean with name 'entrepreneurApplicationRepository': Invocation of init method failed; nested exception is java.lang.IllegalArgumentException: Validation failed for query for method public abstract java.util.Collection acme.features.entrepreneur.application.EntrepreneurApplicationRepository.findByEntrepreneurId(java.lang.Integer)!
at org.springframework.data.jpa.repository.query.SimpleJpaQuery.validateQuery(SimpleJpaQuery.java:93): Validation failed for query for method public abstract java.util.Collection acme.features.entrepreneur.application.EntrepreneurApplicationRepository.findByEntrepreneurId(java.lang.Integer)!
at org.hibernate.internal.ExceptionConverterImpl.convert(ExceptionConverterImpl.java:138): org.hibernate.QueryException: Unable to resolve path [ir.entrepreneur], unexpected token [ir] [select a from acme.entities.applications.Application a where a.investmentRound in (select ir from acme.entities.investmentRounds.InvestmentRound where ir.entrepreneur.id = ?1)]
at org.hibernate.QueryException.generateQueryException(QueryException.java:120): Unable to resolve path [ir.entrepreneur], unexpected token [ir] [select a from acme.entities.applications.Application a where a.investmentRound in (select ir from acme.entities.investmentRounds.InvestmentRound where ir.entrepreneur.id = ?1)]
at org.hibernate.hql.internal.ast.tree.IdentNode.resolveAsNakedComponentPropertyRefLHS(IdentNode.java:291): Unable to resolve path [ir.entrepreneur], unexpected token [ir]
WARN [org.springframework.boot.web.servlet.context.AnnotationConfigServletWebServerApplicationContext] Exception encountered during context initialization - cancelling refresh attempt: org.springframework.beans.factory.BeanCreationException: Error creating bean with name 'requestMappingHandlerMapping' defined in class path resource [org/springframework/boot/autoconfigure/web/servlet/WebMvcAutoConfiguration$EnableWebMvcConfiguration.class]: Invocation of init method failed; nested exception is java.lang.IllegalStateException: Ambiguous mapping. Cannot map 'investorApplicationController' method 
public org.springframework.web.servlet.ModelAndView acme.framework.controllers.AbstractController.handleRequest(java.lang.String,java.util.Map<java.lang.String, java.lang.Object>,javax.servlet.http.HttpServletRequest,javax.servlet.http.HttpServletResponse,java.util.Locale)
to {[GET, POST] /investor/application/{endpoint}}: There is already 'entrepreneurApplicationController' bean method
public org.springframework.web.servlet.ModelAndView acme.framework.controllers.AbstractController.handleRequest(java.lang.String,java.util.Map<java.lang.String, java.lang.Object>,javax.servlet.http.HttpServletRequest,javax.servlet.http.HttpServletResponse,java.util.Locale) mapped.
ERROR [org.springframework.boot.SpringApplication] at org.springframework.beans.factory.support.AbstractAutowireCapableBeanFactory.initializeBean(AbstractAutowireCapableBeanFactory.java:1778): Error creating bean with name 'requestMappingHandlerMapping' defined in class path resource [org/springframework/boot/autoconfigure/web/servlet/WebMvcAutoConfiguration$EnableWebMvcConfiguration.class]: Invocation of init method failed; nested exception is java.lang.IllegalStateException: Ambiguous mapping. Cannot map 'investorApplicationController' method 
public org.springframework.web.servlet.ModelAndView acme.framework.controllers.AbstractController.handleRequest(java.lang.String,java.util.Map<java.lang.String, java.lang.Object>,javax.servlet.http.HttpServletRequest,javax.servlet.http.HttpServletResponse,java.util.Locale)
to {[GET, POST] /investor/application/{endpoint}}: There is already 'entrepreneurApplicationController' bean method
public org.springframework.web.servlet.ModelAndView acme.framework.controllers.AbstractController.handleRequest(java.lang.String,java.util.Map<java.lang.String, java.lang.Object>,javax.servlet.http.HttpServletRequest,javax.servlet.http.HttpServletResponse,java.util.Locale) mapped.
at org.springframework.web.servlet.handler.AbstractHandlerMethodMapping$MappingRegistry.assertUniqueMethodMapping(AbstractHandlerMethodMapping.java:618): Ambiguous mapping. Cannot map 'investorApplicationController' method 
public org.springframework.web.servlet.ModelAndView acme.framework.controllers.AbstractController.handleRequest(java.lang.String,java.util.Map<java.lang.String, java.lang.Object>,javax.servlet.http.HttpServletRequest,javax.servlet.http.HttpServletResponse,java.util.Locale)
to {[GET, POST] /investor/application/{endpoint}}: There is already 'entrepreneurApplicationController' bean method
public org.springframework.web.servlet.ModelAndView acme.framework.controllers.AbstractController.handleRequest(java.lang.String,java.util.Map<java.lang.String, java.lang.Object>,javax.servlet.http.HttpServletRequest,javax.servlet.http.HttpServletResponse,java.util.Locale) mapped.
ERROR [org.apache.jsp.META_002dINF.views.framework.panic_jsp] HTTP GET /acme-incubator/META-INF/views/framework/page.jsp HTTP/1.1
ERROR [org.apache.jsp.META_002dINF.views.framework.panic_jsp] Status: 500
ERROR [org.apache.jsp.META_002dINF.views.framework.panic_jsp] Exception: org.springframework.orm.jpa.JpaTransactionManager.doBegin(JpaTransactionManager.java:380): Pre-bound JDBC Connection found! JpaTransactionManager does not support running within DataSourceTransactionManager if told to manage the DataSource itself. It is recommended to use a single JpaTransactionManager for all transactions on a single DataSource, no matter whether JPA or JDBC access.
ERROR [org.apache.jsp.META_002dINF.views.framework.panic_jsp] HTTP GET /acme-incubator/META-INF/views/framework/page.jsp HTTP/1.1
ERROR [org.apache.jsp.META_002dINF.views.framework.panic_jsp] Status: 500
ERROR [org.apache.jsp.META_002dINF.views.framework.panic_jsp] Exception: org.springframework.orm.jpa.JpaTransactionManager.doBegin(JpaTransactionManager.java:380): Pre-bound JDBC Connection found! JpaTransactionManager does not support running within DataSourceTransactionManager if told to manage the DataSource itself. It is recommended to use a single JpaTransactionManager for all transactions on a single DataSource, no matter whether JPA or JDBC access.
